/*------------------------
select * from manufacturing_tool_details
------------------------*/
sid|manufacturing_tools_bot_sid|tool_no|tool_item_id|instance_id|tool_id|tool_description|tool_type|tool_length_min|insert_item_id|insert_id|holder_item_id|holder_id|max_depth_cut|diameter_cutting|create_sid|create_date|change_sid|change_date|change_count|delete_sid|delete_date
1|1|1|T-08958|NULL|Face Mill|3 in. high feed face mill|Mill|3|T-04474|JDMW120420 ZDSR-FTFH 7020|NULL|3 in Shell Mill|NULL|3|4|2017-07-27 00:00:00|NULL|NULL|1|NULL|NULL
2|1|2|NULL|NULL|H/F Mill|1.5 High Feed Mill|Mill|6|T-04474|JDMW120420 ZDSR-FTFH 7020|NULL|End Mill Holder|NULL|1.5|4|2017-07-27 00:00:00|NULL|NULL|1|NULL|NULL
1002|1|3|NULL|NULL|45D letter/chamfer|Ingersol Letter Tool|Letter Mill|3|T-01401|TFLT15T308N|NULL|End Mill Holder|NULL|NULL|4|2017-07-27 00:00:00|NULL|NULL|1|NULL|NULL
1003|1|4|NULL|NULL|Face Mill|4 in finish Face Mill|Mill|3|T-07683|DGM314R001|NULL|4 in Shell Mill|NULL|4|4|2017-07-27 00:00:00|NULL|NULL|1|NULL|NULL
1004|1|5|NULL|NULL|Center Drill|Combo Center Tool|Drill|3|T-12548|19MT2004A6 NC2033|NULL|TG100 Collet Holder|NULL|NULL|4|2017-07-27 00:00:00|NULL|NULL|1|NULL|NULL
1005|2|1|T-12308|NULL|7/16 End Mill|7/16 in Carbide Mill|Mill|NULL|NULL|7/16  Carbide End Mill|NULL|Cat 50 w/Collet|NULL|0.4375|4|2017-07-27 00:00:00|NULL|NULL|1|NULL|NULL
1006|2|2|T-09147|NULL|Quick Twist|Ingersoll Holder|Drill|NULL|T-09146|Gold .406 Quick Twist|NULL|Cat 50 Command w/Collet|NULL|0.406|4|2017-07-27 00:00:00|NULL|NULL|1|NULL|NULL
1007|2|3|T-02269|NULL|HSS Drill|25/64 x 10 in Jobber|Drill|NULL|NULL|25/64 x 10 in OAC|NULL|Cat 50 W/Collet|NULL|0.3906|4|2017-07-27 00:00:00|NULL|NULL|1|NULL|NULL
1008|2|4|T-06575|NULL|1.5 HFFM|Mits High Feed 1.5 in|Mill|NULL|T-04474|Mits Tri Gold Insert|NULL|1.5 in Cat 50 EM|NULL|1.5|4|2017-07-27 00:00:00|NULL|NULL|1|NULL|NULL
1009|3|1|T-06572|NULL|DWLNL-164D-M|Turn/Face|Turn|NULL|T-06820|WNMG433TH|NULL|NULL|NULL|NULL|4|2017-07-27 00:00:00|NULL|NULL|1|NULL|NULL
1010|3|2|T-08917|NULL|DCLNR-164D|Turn/Face|Turn|NULL|T-00738|CNMG433A4T|NULL|NULL|NULL|NULL|4|2017-07-27 00:00:00|NULL|NULL|1|NULL|NULL
1011|3|5|T-06696|NULL|NEL3W-H32|Groove Bar|Groove|NULL|T-01022|FNG3125R|NULL|NULL|NULL|NULL|4|2017-07-27 00:00:00|NULL|NULL|1|NULL|NULL
1012|3|7|T-10139|NULL|DVJNL-163D|Turn/Face|Turn|NULL|T-06682|VNMG332-M3|NULL|NULL|NULL|NULL|4|2017-07-27 00:00:00|NULL|NULL|1|NULL|NULL
1013|3|9|T-06908|NULL|MWLNL4-H32|Bore Bar|Bore|NULL|T-06819|WNMG432TH|NULL|NULL|NULL|NULL|4|2017-07-27 00:00:00|NULL|NULL|1|NULL|NULL
1014|3|11|T-07197|NULL|DDJNL-164D|Turn/Face|Turn|NULL|T-06683|DNMG432-MF2|NULL|NULL|NULL|NULL|4|2017-07-27 00:00:00|NULL|NULL|1|NULL|NULL
1015|4|1|NULL|NULL|3/4 in Endmill|3/4 in Endmill|Mill|3|NULL|NULL|NULL|End mill Holder|NULL|0.75|4|2017-07-27 00:00:00|NULL|NULL|1|NULL|NULL
1016|1003|1|NULL|NULL|80 deg Turning|80 deg Turning|Turn|NULL|NULL|NULL|NULL|80 deg Turning Body|NULL|NULL|4|2017-07-27 00:00:00|NULL|NULL|1|NULL|NULL

(17 row(s) affected)

